[2019-06-25 20:43:21.068] [sharedprocess] [info] main {"machineId":"55a00c82f352758a449610efa0319d0643ef6112c05f709280ca542f57f1eecc"}
[2019-06-25 20:43:21.190] [sharedprocess] [info] Scanned user extensions: 23
[2019-06-25 20:43:21.235] [sharedprocess] [info] Scanned user extensions: 23
[2019-06-25 20:43:21.354] [sharedprocess] [info] Scanned user extensions: 23
[2019-06-25 20:43:21.521] [sharedprocess] [info] Deleted from disk bajdzis.vscode-database /home/thubelihle/.vscode/extensions/bajdzis.vscode-database-2.2.0
[2019-06-25 20:43:21.544] [sharedprocess] [info] Scanned system extensions: 72
[2019-06-25 20:43:21.559] [sharedprocess] [info] Scanned system extensions: 72
[2019-06-25 20:43:21.565] [sharedprocess] [info] Scanned system extensions: 72
[2019-06-25 20:43:21.573] [sharedprocess] [info] Deleted from disk cweijan.vscode-mysql-manager /home/thubelihle/.vscode/extensions/cweijan.vscode-mysql-manager-1.5.2
[2019-06-25 20:43:21.623] [sharedprocess] [info] Scanned user extensions: 23
[2019-06-25 20:43:21.641] [sharedprocess] [info] Scanned system extensions: 72
[2019-06-25 20:43:21.855] [sharedprocess] [info] Scanned user extensions: 23
[2019-06-25 20:43:36.828] [sharedprocess] [info] Scanned user extensions: 23
[2019-06-25 20:43:36.851] [sharedprocess] [info] Scanned user extensions: 23
[2019-06-25 20:43:37.005] [sharedprocess] [info] Scanned system extensions: 72
[2019-06-25 20:43:37.013] [sharedprocess] [info] Scanned system extensions: 72
[2019-06-25 20:43:37.217] [sharedprocess] [info] Scanned user extensions: 23
[2019-06-25 20:43:37.280] [sharedprocess] [info] Scanned system extensions: 72
[2019-06-25 20:43:38.894] [sharedprocess] [info] Scanned user extensions: 23
[2019-06-25 20:44:01.013] [sharedprocess] [info] Starting to clean up unused language packs.
[2019-06-25 20:44:19.487] [sharedprocess] [info] Scanned user extensions: 23
[2019-06-25 20:44:19.531] [sharedprocess] [info] Scanned system extensions: 72
[2019-06-25 20:44:19.592] [sharedprocess] [info] Scanned user extensions: 23
[2019-06-25 20:44:19.613] [sharedprocess] [info] Scanned system extensions: 72
[2019-06-25 20:44:24.096] [sharedprocess] [info] Scanned user extensions: 23
[2019-06-25 20:44:24.102] [sharedprocess] [info] Scanned user extensions: 23
[2019-06-25 20:44:24.105] [sharedprocess] [info] Scanned user extensions: 23
[2019-06-25 20:44:24.108] [sharedprocess] [info] Scanned user extensions: 23
[2019-06-25 20:44:24.211] [sharedprocess] [info] Scanned system extensions: 72
[2019-06-25 20:44:24.217] [sharedprocess] [info] Scanned system extensions: 72
[2019-06-25 20:44:24.234] [sharedprocess] [info] Scanned system extensions: 72
[2019-06-25 20:44:24.247] [sharedprocess] [info] Installing extension: ms-vscode.go
[2019-06-25 20:44:24.268] [sharedprocess] [info] Scanned user extensions: 23
[2019-06-25 20:44:24.350] [sharedprocess] [info] Scanned user extensions: 23
[2019-06-25 20:44:24.432] [sharedprocess] [info] Scanned user extensions: 23
[2019-06-25 20:44:24.513] [sharedprocess] [info] Scanned user extensions: 23
[2019-06-25 20:44:24.517] [sharedprocess] [info] Scanned system extensions: 72
[2019-06-25 20:44:24.553] [sharedprocess] [info] Scanned user extensions: 23
[2019-06-25 20:44:24.588] [sharedprocess] [info] Scanned system extensions: 72
[2019-06-25 20:44:24.609] [sharedprocess] [info] Scanned system extensions: 72
[2019-06-25 20:44:24.620] [sharedprocess] [info] Scanned system extensions: 72
[2019-06-25 20:44:24.722] [sharedprocess] [info] Scanned user extensions: 23
[2019-06-25 20:44:24.744] [sharedprocess] [info] Scanned system extensions: 72
[2019-06-25 20:44:26.421] [sharedprocess] [info] Downloaded extension: ms-vscode.go /tmp/b9b2a2f1-e3f8-4949-8f4a-a8d2019f4171
[2019-06-25 20:44:28.140] [sharedprocess] [info] Extracted extension to /home/thubelihle/.vscode/extensions/.ms-vscode.go-0.11.0: ms-vscode.go
[2019-06-25 20:44:28.141] [sharedprocess] [info] Renamed to /home/thubelihle/.vscode/extensions/ms-vscode.go-0.11.0
[2019-06-25 20:44:28.161] [sharedprocess] [info] Installation completed. ms-vscode.go
[2019-06-25 20:44:28.175] [sharedprocess] [info] Extensions installed successfully: ms-vscode.go
[2019-06-25 20:48:38.944] [sharedprocess] [info] Scanned user extensions: 24
[2019-06-25 20:53:38.983] [sharedprocess] [info] Scanned user extensions: 24
[2019-06-25 20:58:39.017] [sharedprocess] [info] Scanned user extensions: 24
[2019-06-25 21:03:39.051] [sharedprocess] [info] Scanned user extensions: 24
[2019-06-25 21:08:39.084] [sharedprocess] [info] Scanned user extensions: 24
[2019-06-25 21:13:06.845] [sharedprocess] [info] Scanned user extensions: 24
[2019-06-25 21:13:06.850] [sharedprocess] [info] Scanned user extensions: 24
[2019-06-25 21:13:06.856] [sharedprocess] [info] Scanned user extensions: 24
[2019-06-25 21:13:06.962] [sharedprocess] [info] Scanned system extensions: 72
[2019-06-25 21:13:06.973] [sharedprocess] [info] Scanned system extensions: 72
[2019-06-25 21:13:06.983] [sharedprocess] [info] Scanned system extensions: 72
[2019-06-25 21:13:07.069] [sharedprocess] [info] Scanned user extensions: 24
[2019-06-25 21:13:07.117] [sharedprocess] [info] Scanned system extensions: 72
[2019-06-25 21:13:07.148] [sharedprocess] [info] Scanned user extensions: 24
[2019-06-25 21:13:07.185] [sharedprocess] [info] Scanned user extensions: 24
[2019-06-25 21:13:07.207] [sharedprocess] [info] Scanned system extensions: 72
[2019-06-25 21:13:07.221] [sharedprocess] [info] Scanned system extensions: 72
[2019-06-25 21:13:18.393] [sharedprocess] [info] Installing extension: msyrus.go-doc
[2019-06-25 21:13:18.425] [sharedprocess] [info] Scanned user extensions: 24
[2019-06-25 21:13:18.955] [sharedprocess] [info] Downloaded extension: msyrus.go-doc /tmp/3abfc882-b481-48e4-92c9-2df9e87ac52f
[2019-06-25 21:13:19.023] [sharedprocess] [info] Extracted extension to /home/thubelihle/.vscode/extensions/.msyrus.go-doc-0.1.1: msyrus.go-doc
[2019-06-25 21:13:19.024] [sharedprocess] [info] Renamed to /home/thubelihle/.vscode/extensions/msyrus.go-doc-0.1.1
[2019-06-25 21:13:19.028] [sharedprocess] [info] Installation completed. msyrus.go-doc
[2019-06-25 21:13:19.046] [sharedprocess] [info] Extensions installed successfully: msyrus.go-doc
[2019-06-25 21:13:28.068] [sharedprocess] [info] Installing extension: quillaja.goasm
[2019-06-25 21:13:28.108] [sharedprocess] [info] Scanned user extensions: 25
[2019-06-25 21:13:29.300] [sharedprocess] [info] Downloaded extension: quillaja.goasm /tmp/e9e109e4-51f8-4f77-820f-90abf1301403
[2019-06-25 21:13:29.373] [sharedprocess] [info] Extracted extension to /home/thubelihle/.vscode/extensions/.quillaja.goasm-0.0.4: quillaja.goasm
[2019-06-25 21:13:29.374] [sharedprocess] [info] Renamed to /home/thubelihle/.vscode/extensions/quillaja.goasm-0.0.4
[2019-06-25 21:13:29.375] [sharedprocess] [info] Installation completed. quillaja.goasm
[2019-06-25 21:13:29.382] [sharedprocess] [info] Extensions installed successfully: quillaja.goasm
[2019-06-25 21:13:39.111] [sharedprocess] [info] Scanned user extensions: 26
[2019-06-25 21:18:32.714] [sharedprocess] [info] Scanned user extensions: 26
[2019-06-25 21:18:32.719] [sharedprocess] [info] Scanned user extensions: 26
[2019-06-25 21:18:32.725] [sharedprocess] [info] Scanned user extensions: 26
[2019-06-25 21:18:32.792] [sharedprocess] [info] Scanned system extensions: 72
[2019-06-25 21:18:32.798] [sharedprocess] [info] Scanned system extensions: 72
[2019-06-25 21:18:32.805] [sharedprocess] [info] Scanned system extensions: 72
[2019-06-25 21:18:32.916] [sharedprocess] [info] Scanned user extensions: 26
[2019-06-25 21:18:32.997] [sharedprocess] [info] Scanned user extensions: 26
[2019-06-25 21:18:33.033] [sharedprocess] [info] Scanned user extensions: 26
[2019-06-25 21:18:33.045] [sharedprocess] [info] Scanned system extensions: 72
[2019-06-25 21:18:33.080] [sharedprocess] [info] Scanned system extensions: 72
[2019-06-25 21:18:33.100] [sharedprocess] [info] Scanned system extensions: 72
[2019-06-25 21:18:35.113] [sharedprocess] [info] Scanned user extensions: 26
[2019-06-25 21:18:35.116] [sharedprocess] [info] Scanned user extensions: 26
[2019-06-25 21:18:35.119] [sharedprocess] [info] Scanned user extensions: 26
[2019-06-25 21:18:35.216] [sharedprocess] [info] Scanned system extensions: 72
[2019-06-25 21:18:35.226] [sharedprocess] [info] Scanned system extensions: 72
[2019-06-25 21:18:35.235] [sharedprocess] [info] Scanned system extensions: 72
[2019-06-25 21:18:35.335] [sharedprocess] [info] Scanned user extensions: 26
[2019-06-25 21:18:35.510] [sharedprocess] [info] Scanned user extensions: 26
[2019-06-25 21:18:35.581] [sharedprocess] [info] Scanned system extensions: 72
[2019-06-25 21:18:35.598] [sharedprocess] [info] Scanned user extensions: 26
[2019-06-25 21:18:35.640] [sharedprocess] [info] Scanned system extensions: 72
[2019-06-25 21:18:35.654] [sharedprocess] [info] Scanned system extensions: 72
[2019-06-25 21:18:39.150] [sharedprocess] [info] Scanned user extensions: 26
[2019-06-25 21:18:50.584] [sharedprocess] [info] Installing extension: akamud.vscode-theme-onedark
[2019-06-25 21:18:50.605] [sharedprocess] [info] Scanned user extensions: 26
[2019-06-25 21:18:51.154] [sharedprocess] [info] Downloaded extension: akamud.vscode-theme-onedark /tmp/3d5a50d8-9318-4621-9432-0a4d6d7df308
[2019-06-25 21:18:51.193] [sharedprocess] [info] Extracted extension to /home/thubelihle/.vscode/extensions/.akamud.vscode-theme-onedark-2.1.0: akamud.vscode-theme-onedark
[2019-06-25 21:18:51.194] [sharedprocess] [info] Renamed to /home/thubelihle/.vscode/extensions/akamud.vscode-theme-onedark-2.1.0
[2019-06-25 21:18:51.194] [sharedprocess] [info] Installation completed. akamud.vscode-theme-onedark
[2019-06-25 21:18:51.200] [sharedprocess] [info] Extensions installed successfully: akamud.vscode-theme-onedark
[2019-06-25 21:23:39.181] [sharedprocess] [info] Scanned user extensions: 27
[2019-06-25 21:28:24.059] [sharedprocess] [info] Installing extension: kkeri.luna
[2019-06-25 21:28:24.086] [sharedprocess] [info] Scanned user extensions: 27
[2019-06-25 21:28:27.051] [sharedprocess] [info] Downloaded extension: kkeri.luna /tmp/15ef6cc9-d9e7-4aa1-b0cf-2b82abb6d1a5
[2019-06-25 21:28:27.090] [sharedprocess] [info] Extracted extension to /home/thubelihle/.vscode/extensions/.kkeri.luna-0.3.1: kkeri.luna
[2019-06-25 21:28:27.091] [sharedprocess] [info] Renamed to /home/thubelihle/.vscode/extensions/kkeri.luna-0.3.1
[2019-06-25 21:28:27.091] [sharedprocess] [info] Installation completed. kkeri.luna
[2019-06-25 21:28:27.100] [sharedprocess] [info] Extensions installed successfully: kkeri.luna
[2019-06-25 21:28:39.216] [sharedprocess] [info] Scanned user extensions: 28
[2019-06-25 21:30:12.456] [sharedprocess] [info] Installing extension: mikebell.supernova-color-theme
[2019-06-25 21:30:12.481] [sharedprocess] [info] Scanned user extensions: 28
[2019-06-25 21:30:24.937] [sharedprocess] [info] Downloaded extension: mikebell.supernova-color-theme /tmp/fd8d77d9-0dc2-4b80-ac11-86e92d3cedab
[2019-06-25 21:30:25.051] [sharedprocess] [info] Extracted extension to /home/thubelihle/.vscode/extensions/.mikebell.supernova-color-theme-0.1.5: mikebell.supernova-color-theme
[2019-06-25 21:30:25.052] [sharedprocess] [info] Renamed to /home/thubelihle/.vscode/extensions/mikebell.supernova-color-theme-0.1.5
[2019-06-25 21:30:25.053] [sharedprocess] [info] Installation completed. mikebell.supernova-color-theme
[2019-06-25 21:30:25.059] [sharedprocess] [info] Extensions installed successfully: mikebell.supernova-color-theme
[2019-06-25 21:33:39.243] [sharedprocess] [info] Scanned user extensions: 29
[2019-06-25 21:38:39.276] [sharedprocess] [info] Scanned user extensions: 29
[2019-06-25 21:43:39.384] [sharedprocess] [info] Scanned user extensions: 29
[2019-06-25 21:48:39.414] [sharedprocess] [info] Scanned user extensions: 29
[2019-06-25 21:53:39.447] [sharedprocess] [info] Scanned user extensions: 29
[2019-06-25 21:58:39.474] [sharedprocess] [info] Scanned user extensions: 29
[2019-06-25 22:03:39.501] [sharedprocess] [info] Scanned user extensions: 29
[2019-06-25 22:08:39.539] [sharedprocess] [info] Scanned user extensions: 29
[2019-06-26 17:52:59.108] [sharedprocess] [info] Scanned user extensions: 29
[2019-06-26 17:57:59.163] [sharedprocess] [info] Scanned user extensions: 29
[2019-06-26 18:02:59.200] [sharedprocess] [info] Scanned user extensions: 29
[2019-06-26 18:07:59.247] [sharedprocess] [info] Scanned user extensions: 29
[2019-06-26 18:12:59.287] [sharedprocess] [info] Scanned user extensions: 29
[2019-06-26 18:17:59.350] [sharedprocess] [info] Scanned user extensions: 29
[2019-06-26 18:22:59.409] [sharedprocess] [info] Scanned user extensions: 29
[2019-06-26 18:27:59.450] [sharedprocess] [info] Scanned user extensions: 29
[2019-06-26 18:32:59.484] [sharedprocess] [info] Scanned user extensions: 29
[2019-06-26 18:37:59.516] [sharedprocess] [info] Scanned user extensions: 29
[2019-06-26 18:42:59.546] [sharedprocess] [info] Scanned user extensions: 29
[2019-06-27 21:15:58.099] [sharedprocess] [info] Scanned user extensions: 29
[2019-06-27 21:20:59.092] [sharedprocess] [info] Scanned user extensions: 29
[2019-06-27 21:23:52.019] [sharedprocess] [info] Installing extension: jaszhix.theme-monokaimega
[2019-06-27 21:23:52.069] [sharedprocess] [info] Scanned user extensions: 29
[2019-06-27 21:23:52.783] [sharedprocess] [info] Downloaded extension: jaszhix.theme-monokaimega /tmp/ca4819e9-7074-473e-8478-c78e2a45dd89
[2019-06-27 21:23:52.823] [sharedprocess] [info] Extracted extension to /home/thubelihle/.vscode/extensions/.jaszhix.theme-monokaimega-3.1.0: jaszhix.theme-monokaimega
[2019-06-27 21:23:52.824] [sharedprocess] [info] Renamed to /home/thubelihle/.vscode/extensions/jaszhix.theme-monokaimega-3.1.0
[2019-06-27 21:23:52.829] [sharedprocess] [info] Installation completed. jaszhix.theme-monokaimega
[2019-06-27 21:23:52.834] [sharedprocess] [info] Extensions installed successfully: jaszhix.theme-monokaimega
[2019-06-27 21:25:59.121] [sharedprocess] [info] Scanned user extensions: 30
[2019-06-27 21:30:59.166] [sharedprocess] [info] Scanned user extensions: 30
[2019-06-27 21:35:59.198] [sharedprocess] [info] Scanned user extensions: 30
[2019-06-27 21:40:59.230] [sharedprocess] [info] Scanned user extensions: 30
[2019-06-27 21:45:59.261] [sharedprocess] [info] Scanned user extensions: 30
[2019-06-27 21:50:59.290] [sharedprocess] [info] Scanned user extensions: 30
[2019-06-27 21:55:59.322] [sharedprocess] [info] Scanned user extensions: 30
[2019-06-27 22:00:59.377] [sharedprocess] [info] Scanned user extensions: 30
[2019-06-27 22:05:59.408] [sharedprocess] [info] Scanned user extensions: 30
[2019-06-27 22:10:59.446] [sharedprocess] [info] Scanned user extensions: 30
[2019-06-27 22:15:59.540] [sharedprocess] [info] Scanned user extensions: 30
[2019-06-27 22:20:59.570] [sharedprocess] [info] Scanned user extensions: 30
[2019-06-27 22:25:59.602] [sharedprocess] [info] Scanned user extensions: 30
[2019-06-27 22:30:59.628] [sharedprocess] [info] Scanned user extensions: 30
[2019-06-27 22:35:59.668] [sharedprocess] [info] Scanned user extensions: 30
[2019-06-27 22:40:59.700] [sharedprocess] [info] Scanned user extensions: 30
[2019-06-27 22:45:59.737] [sharedprocess] [info] Scanned user extensions: 30
[2019-06-27 22:50:59.765] [sharedprocess] [info] Scanned user extensions: 30
[2019-06-27 22:55:59.796] [sharedprocess] [info] Scanned user extensions: 30
[2019-06-27 23:00:59.824] [sharedprocess] [info] Scanned user extensions: 30
[2019-06-27 23:05:59.859] [sharedprocess] [info] Scanned user extensions: 30
[2019-06-27 23:10:59.889] [sharedprocess] [info] Scanned user extensions: 30
[2019-06-27 23:15:59.990] [sharedprocess] [info] Scanned user extensions: 30
[2019-06-27 23:21:00.027] [sharedprocess] [info] Scanned user extensions: 30
[2019-06-27 23:26:00.065] [sharedprocess] [info] Scanned user extensions: 30
[2019-06-27 23:31:00.096] [sharedprocess] [info] Scanned user extensions: 30
[2019-06-27 23:36:00.130] [sharedprocess] [info] Scanned user extensions: 30
[2019-06-27 23:41:00.153] [sharedprocess] [info] Scanned user extensions: 30
[2019-06-27 23:46:00.179] [sharedprocess] [info] Scanned user extensions: 30
[2019-06-27 23:51:00.207] [sharedprocess] [info] Scanned user extensions: 30
[2019-06-27 23:56:00.236] [sharedprocess] [info] Scanned user extensions: 30
[2019-06-28 00:01:00.268] [sharedprocess] [info] Scanned user extensions: 30
[2019-06-28 00:06:00.298] [sharedprocess] [info] Scanned user extensions: 30
[2019-06-28 00:11:00.329] [sharedprocess] [info] Scanned user extensions: 30
[2019-06-28 00:16:00.630] [sharedprocess] [info] Scanned user extensions: 30
[2019-06-28 00:21:00.654] [sharedprocess] [info] Scanned user extensions: 30
[2019-06-28 00:26:00.681] [sharedprocess] [info] Scanned user extensions: 30
[2019-06-28 00:31:00.709] [sharedprocess] [info] Scanned user extensions: 30
[2019-06-28 00:36:00.741] [sharedprocess] [info] Scanned user extensions: 30
[2019-06-28 00:41:00.770] [sharedprocess] [info] Scanned user extensions: 30
[2019-06-28 00:46:00.803] [sharedprocess] [info] Scanned user extensions: 30
[2019-06-28 00:51:00.831] [sharedprocess] [info] Scanned user extensions: 30
[2019-06-28 00:56:00.854] [sharedprocess] [info] Scanned user extensions: 30
[2019-06-28 01:01:00.889] [sharedprocess] [info] Scanned user extensions: 30
[2019-06-28 01:06:00.914] [sharedprocess] [info] Scanned user extensions: 30
[2019-06-28 01:11:00.943] [sharedprocess] [info] Scanned user extensions: 30
[2019-06-28 01:16:01.227] [sharedprocess] [info] Scanned user extensions: 30
[2019-06-28 01:21:01.256] [sharedprocess] [info] Scanned user extensions: 30
[2019-06-28 01:26:01.291] [sharedprocess] [info] Scanned user extensions: 30
[2019-06-28 01:31:01.324] [sharedprocess] [info] Scanned user extensions: 30
[2019-06-28 01:36:01.360] [sharedprocess] [info] Scanned user extensions: 30
[2019-06-28 01:41:01.395] [sharedprocess] [info] Scanned user extensions: 30
[2019-06-28 01:46:01.427] [sharedprocess] [info] Scanned user extensions: 30
[2019-06-28 01:51:01.457] [sharedprocess] [info] Scanned user extensions: 30
[2019-06-28 01:56:01.482] [sharedprocess] [info] Scanned user extensions: 30
[2019-06-28 02:01:01.510] [sharedprocess] [info] Scanned user extensions: 30
[2019-06-28 02:06:01.536] [sharedprocess] [info] Scanned user extensions: 30
[2019-06-28 02:11:01.582] [sharedprocess] [info] Scanned user extensions: 30
[2019-06-28 02:16:01.917] [sharedprocess] [info] Scanned user extensions: 30
[2019-06-28 02:21:01.947] [sharedprocess] [info] Scanned user extensions: 30
[2019-06-28 02:26:01.981] [sharedprocess] [info] Scanned user extensions: 30
[2019-06-28 02:31:02.007] [sharedprocess] [info] Scanned user extensions: 30
[2019-06-28 02:36:02.035] [sharedprocess] [info] Scanned user extensions: 30
[2019-06-28 02:41:02.066] [sharedprocess] [info] Scanned user extensions: 30
[2019-06-28 02:46:02.096] [sharedprocess] [info] Scanned user extensions: 30
[2019-06-28 02:51:02.130] [sharedprocess] [info] Scanned user extensions: 30
[2019-06-28 02:56:02.158] [sharedprocess] [info] Scanned user extensions: 30
[2019-06-28 03:01:02.187] [sharedprocess] [info] Scanned user extensions: 30
[2019-06-28 03:06:02.213] [sharedprocess] [info] Scanned user extensions: 30
[2019-06-28 03:11:02.239] [sharedprocess] [info] Scanned user extensions: 30
[2019-06-28 03:16:02.635] [sharedprocess] [info] Scanned user extensions: 30
[2019-06-28 03:21:02.661] [sharedprocess] [info] Scanned user extensions: 30
[2019-06-28 03:26:02.691] [sharedprocess] [info] Scanned user extensions: 30
[2019-06-28 03:31:02.721] [sharedprocess] [info] Scanned user extensions: 30
[2019-06-28 03:36:02.756] [sharedprocess] [info] Scanned user extensions: 30
[2019-06-28 03:41:02.787] [sharedprocess] [info] Scanned user extensions: 30
[2019-06-28 03:46:02.825] [sharedprocess] [info] Scanned user extensions: 30
[2019-06-28 03:51:02.851] [sharedprocess] [info] Scanned user extensions: 30
[2019-06-28 03:56:02.889] [sharedprocess] [info] Scanned user extensions: 30
[2019-06-28 04:01:02.925] [sharedprocess] [info] Scanned user extensions: 30
[2019-06-28 04:06:02.955] [sharedprocess] [info] Scanned user extensions: 30
[2019-06-28 04:11:02.983] [sharedprocess] [info] Scanned user extensions: 30
[2019-06-28 04:16:03.504] [sharedprocess] [info] Scanned user extensions: 30
[2019-06-28 04:21:03.534] [sharedprocess] [info] Scanned user extensions: 30
[2019-06-28 04:26:03.559] [sharedprocess] [info] Scanned user extensions: 30
[2019-06-28 04:31:03.582] [sharedprocess] [info] Scanned user extensions: 30
[2019-06-28 04:36:03.609] [sharedprocess] [info] Scanned user extensions: 30
[2019-06-28 04:41:03.641] [sharedprocess] [info] Scanned user extensions: 30
[2019-06-28 04:46:03.672] [sharedprocess] [info] Scanned user extensions: 30
[2019-06-28 04:51:03.703] [sharedprocess] [info] Scanned user extensions: 30
[2019-06-28 04:56:03.735] [sharedprocess] [info] Scanned user extensions: 30
[2019-06-28 05:01:03.770] [sharedprocess] [info] Scanned user extensions: 30
[2019-06-28 05:06:03.798] [sharedprocess] [info] Scanned user extensions: 30
[2019-06-28 05:11:03.832] [sharedprocess] [info] Scanned user extensions: 30
[2019-06-28 05:16:04.126] [sharedprocess] [info] Scanned user extensions: 30
[2019-06-28 05:21:04.151] [sharedprocess] [info] Scanned user extensions: 30
[2019-06-28 05:26:04.182] [sharedprocess] [info] Scanned user extensions: 30
[2019-06-28 05:31:04.207] [sharedprocess] [info] Scanned user extensions: 30
[2019-06-28 05:36:04.236] [sharedprocess] [info] Scanned user extensions: 30
[2019-06-28 05:41:04.267] [sharedprocess] [info] Scanned user extensions: 30
[2019-06-28 05:46:04.296] [sharedprocess] [info] Scanned user extensions: 30
[2019-06-28 05:51:04.330] [sharedprocess] [info] Scanned user extensions: 30
[2019-06-28 05:56:04.362] [sharedprocess] [info] Scanned user extensions: 30
[2019-06-28 06:01:04.388] [sharedprocess] [info] Scanned user extensions: 30
[2019-06-28 06:06:04.417] [sharedprocess] [info] Scanned user extensions: 30
[2019-06-28 06:11:04.442] [sharedprocess] [info] Scanned user extensions: 30
[2019-06-28 06:16:04.820] [sharedprocess] [info] Scanned user extensions: 30
[2019-06-28 06:21:04.847] [sharedprocess] [info] Scanned user extensions: 30
[2019-06-28 06:26:04.874] [sharedprocess] [info] Scanned user extensions: 30
[2019-06-28 06:31:04.907] [sharedprocess] [info] Scanned user extensions: 30
[2019-06-28 06:36:04.935] [sharedprocess] [info] Scanned user extensions: 30
[2019-06-28 06:41:04.968] [sharedprocess] [info] Scanned user extensions: 30
[2019-06-28 06:46:04.993] [sharedprocess] [info] Scanned user extensions: 30
[2019-06-28 06:50:58.686] [sharedprocess] [info] Installing extension: vscjava.vscode-java-test
[2019-06-28 06:50:58.701] [sharedprocess] [info] Scanned user extensions: 30
[2019-06-28 06:51:03.165] [sharedprocess] [info] Downloaded extension: vscjava.vscode-java-test /tmp/c499f22b-57dc-48fd-8295-c1faaff14443
[2019-06-28 06:51:03.326] [sharedprocess] [info] Extracted extension to /home/thubelihle/.vscode/extensions/.vscjava.vscode-java-test-0.18.1: vscjava.vscode-java-test
[2019-06-28 06:51:03.326] [sharedprocess] [info] Renamed to /home/thubelihle/.vscode/extensions/vscjava.vscode-java-test-0.18.1
[2019-06-28 06:51:03.327] [sharedprocess] [info] Installation completed. vscjava.vscode-java-test
[2019-06-28 06:51:03.376] [sharedprocess] [info] Scanned user extensions: 30
[2019-06-28 06:51:03.395] [sharedprocess] [info] Scanned system extensions: 72
[2019-06-28 06:51:03.404] [sharedprocess] [info] Extensions installed successfully: vscjava.vscode-java-test
[2019-06-28 06:51:05.021] [sharedprocess] [info] Scanned user extensions: 30
[2019-06-28 06:56:05.053] [sharedprocess] [info] Scanned user extensions: 30
[2019-06-28 07:01:05.086] [sharedprocess] [info] Scanned user extensions: 30
[2019-06-28 07:06:05.115] [sharedprocess] [info] Scanned user extensions: 30
[2019-06-28 07:11:05.144] [sharedprocess] [info] Scanned user extensions: 30
[2019-06-28 07:16:05.500] [sharedprocess] [info] Scanned user extensions: 30
[2019-06-28 07:21:05.534] [sharedprocess] [info] Scanned user extensions: 30
[2019-06-28 07:26:05.568] [sharedprocess] [info] Scanned user extensions: 30
[2019-06-28 07:31:05.602] [sharedprocess] [info] Scanned user extensions: 30
[2019-06-28 07:36:05.631] [sharedprocess] [info] Scanned user extensions: 30
[2019-06-28 07:41:05.665] [sharedprocess] [info] Scanned user extensions: 30
[2019-06-28 07:46:05.695] [sharedprocess] [info] Scanned user extensions: 30
[2019-06-28 07:51:05.726] [sharedprocess] [info] Scanned user extensions: 30
[2019-06-28 07:56:05.766] [sharedprocess] [info] Scanned user extensions: 30
[2019-06-28 08:01:05.798] [sharedprocess] [info] Scanned user extensions: 30
[2019-06-28 08:06:05.827] [sharedprocess] [info] Scanned user extensions: 30
[2019-06-28 08:11:05.858] [sharedprocess] [info] Scanned user extensions: 30
[2019-06-28 08:16:06.174] [sharedprocess] [info] Scanned user extensions: 30
[2019-06-28 08:21:06.213] [sharedprocess] [info] Scanned user extensions: 30
[2019-06-28 08:26:06.240] [sharedprocess] [info] Scanned user extensions: 30
[2019-06-28 08:31:06.272] [sharedprocess] [info] Scanned user extensions: 30
[2019-06-28 08:36:06.307] [sharedprocess] [info] Scanned user extensions: 30
[2019-06-28 08:41:06.350] [sharedprocess] [info] Scanned user extensions: 30
[2019-06-28 08:46:06.380] [sharedprocess] [info] Scanned user extensions: 30
[2019-06-28 08:51:06.407] [sharedprocess] [info] Scanned user extensions: 30
[2019-06-28 08:56:06.442] [sharedprocess] [info] Scanned user extensions: 30
[2019-06-28 09:01:06.472] [sharedprocess] [info] Scanned user extensions: 30
[2019-06-28 09:06:06.502] [sharedprocess] [info] Scanned user extensions: 30
[2019-06-28 09:11:06.532] [sharedprocess] [info] Scanned user extensions: 30
[2019-06-28 09:16:06.675] [sharedprocess] [info] Scanned user extensions: 30
[2019-06-28 09:21:06.706] [sharedprocess] [info] Scanned user extensions: 30
[2019-06-28 09:26:06.737] [sharedprocess] [info] Scanned user extensions: 30
[2019-06-28 09:31:06.772] [sharedprocess] [info] Scanned user extensions: 30
[2019-06-28 09:36:06.803] [sharedprocess] [info] Scanned user extensions: 30
[2019-06-28 09:41:06.839] [sharedprocess] [info] Scanned user extensions: 30
[2019-06-28 09:46:06.874] [sharedprocess] [info] Scanned user extensions: 30
[2019-06-28 09:51:06.903] [sharedprocess] [info] Scanned user extensions: 30
[2019-06-28 09:56:06.931] [sharedprocess] [info] Scanned user extensions: 30
[2019-06-28 10:01:06.957] [sharedprocess] [info] Scanned user extensions: 30
[2019-06-28 10:06:06.992] [sharedprocess] [info] Scanned user extensions: 30
[2019-06-28 10:11:07.023] [sharedprocess] [info] Scanned user extensions: 30
[2019-06-28 10:16:07.320] [sharedprocess] [info] Scanned user extensions: 30
[2019-06-28 10:21:07.351] [sharedprocess] [info] Scanned user extensions: 30
[2019-06-28 10:26:07.384] [sharedprocess] [info] Scanned user extensions: 30
[2019-06-28 10:31:07.412] [sharedprocess] [info] Scanned user extensions: 30
[2019-06-28 10:36:07.441] [sharedprocess] [info] Scanned user extensions: 30
[2019-06-28 10:41:07.466] [sharedprocess] [info] Scanned user extensions: 30
[2019-06-28 10:46:07.494] [sharedprocess] [info] Scanned user extensions: 30
[2019-06-28 10:51:07.523] [sharedprocess] [info] Scanned user extensions: 30
[2019-06-28 10:56:07.557] [sharedprocess] [info] Scanned user extensions: 30
[2019-06-28 11:01:07.583] [sharedprocess] [info] Scanned user extensions: 30
[2019-06-28 11:06:07.612] [sharedprocess] [info] Scanned user extensions: 30
[2019-06-28 11:11:07.643] [sharedprocess] [info] Scanned user extensions: 30
[2019-06-28 11:16:08.009] [sharedprocess] [info] Scanned user extensions: 30
[2019-06-28 11:21:08.038] [sharedprocess] [info] Scanned user extensions: 30
[2019-06-28 11:26:08.075] [sharedprocess] [info] Scanned user extensions: 30
[2019-06-28 11:31:08.104] [sharedprocess] [info] Scanned user extensions: 30
[2019-06-28 11:36:08.140] [sharedprocess] [info] Scanned user extensions: 30
[2019-06-28 11:41:08.169] [sharedprocess] [info] Scanned user extensions: 30
[2019-06-28 11:46:08.194] [sharedprocess] [info] Scanned user extensions: 30
[2019-06-28 11:51:08.235] [sharedprocess] [info] Scanned user extensions: 30
[2019-06-28 11:56:08.266] [sharedprocess] [info] Scanned user extensions: 30
[2019-06-28 12:01:08.298] [sharedprocess] [info] Scanned user extensions: 30
[2019-06-28 12:06:08.331] [sharedprocess] [info] Scanned user extensions: 30
[2019-06-28 12:11:08.358] [sharedprocess] [info] Scanned user extensions: 30
[2019-06-28 12:16:08.678] [sharedprocess] [info] Scanned user extensions: 30
[2019-06-28 12:21:08.705] [sharedprocess] [info] Scanned user extensions: 30
[2019-06-28 12:26:08.737] [sharedprocess] [info] Scanned user extensions: 30
[2019-06-28 12:31:08.767] [sharedprocess] [info] Scanned user extensions: 30
[2019-06-28 12:36:08.799] [sharedprocess] [info] Scanned user extensions: 30
[2019-06-28 12:41:08.832] [sharedprocess] [info] Scanned user extensions: 30
[2019-06-28 12:46:08.873] [sharedprocess] [info] Scanned user extensions: 30
[2019-06-28 12:51:08.904] [sharedprocess] [info] Scanned user extensions: 30
[2019-06-28 12:56:08.935] [sharedprocess] [info] Scanned user extensions: 30
[2019-06-28 13:01:08.966] [sharedprocess] [info] Scanned user extensions: 30
[2019-06-28 13:06:08.993] [sharedprocess] [info] Scanned user extensions: 30
[2019-06-28 13:11:09.030] [sharedprocess] [info] Scanned user extensions: 30
[2019-06-28 13:16:09.262] [sharedprocess] [info] Scanned user extensions: 30
[2019-06-28 13:21:09.293] [sharedprocess] [info] Scanned user extensions: 30
[2019-06-28 13:26:09.320] [sharedprocess] [info] Scanned user extensions: 30
[2019-06-28 13:31:09.352] [sharedprocess] [info] Scanned user extensions: 30
[2019-06-28 13:36:09.386] [sharedprocess] [info] Scanned user extensions: 30
[2019-06-28 13:41:09.435] [sharedprocess] [info] Scanned user extensions: 30
[2019-06-28 13:46:09.467] [sharedprocess] [info] Scanned user extensions: 30
[2019-06-28 13:51:09.494] [sharedprocess] [info] Scanned user extensions: 30
[2019-06-28 13:56:09.517] [sharedprocess] [info] Scanned user extensions: 30
[2019-06-28 14:01:09.545] [sharedprocess] [info] Scanned user extensions: 30
[2019-06-28 14:06:09.574] [sharedprocess] [info] Scanned user extensions: 30
[2019-06-28 14:11:09.602] [sharedprocess] [info] Scanned user extensions: 30
[2019-06-28 14:16:10.111] [sharedprocess] [info] Scanned user extensions: 30
[2019-06-28 14:21:10.142] [sharedprocess] [info] Scanned user extensions: 30
[2019-06-28 14:26:10.171] [sharedprocess] [info] Scanned user extensions: 30
[2019-06-28 14:31:10.200] [sharedprocess] [info] Scanned user extensions: 30
[2019-06-28 14:36:10.232] [sharedprocess] [info] Scanned user extensions: 30
[2019-06-28 14:41:10.263] [sharedprocess] [info] Scanned user extensions: 30
[2019-06-28 14:46:10.292] [sharedprocess] [info] Scanned user extensions: 30
[2019-06-28 14:51:10.338] [sharedprocess] [info] Scanned user extensions: 30
[2019-06-28 14:56:10.372] [sharedprocess] [info] Scanned user extensions: 30
[2019-06-28 15:01:10.399] [sharedprocess] [info] Scanned user extensions: 30
[2019-06-28 15:06:10.431] [sharedprocess] [info] Scanned user extensions: 30
[2019-06-28 15:11:10.460] [sharedprocess] [info] Scanned user extensions: 30
[2019-06-28 15:16:10.586] [sharedprocess] [info] Scanned user extensions: 30
[2019-06-28 15:21:10.616] [sharedprocess] [info] Scanned user extensions: 30
[2019-06-28 15:26:10.648] [sharedprocess] [info] Scanned user extensions: 30
[2019-06-28 15:31:10.675] [sharedprocess] [info] Scanned user extensions: 30
[2019-06-28 15:36:10.702] [sharedprocess] [info] Scanned user extensions: 30
[2019-06-28 15:41:10.727] [sharedprocess] [info] Scanned user extensions: 30
[2019-06-28 15:46:10.761] [sharedprocess] [info] Scanned user extensions: 30
[2019-06-28 15:51:10.793] [sharedprocess] [info] Scanned user extensions: 30
[2019-06-28 15:56:10.821] [sharedprocess] [info] Scanned user extensions: 30
[2019-06-28 16:01:10.851] [sharedprocess] [info] Scanned user extensions: 30
[2019-06-28 16:06:10.885] [sharedprocess] [info] Scanned user extensions: 30
[2019-06-28 16:11:10.926] [sharedprocess] [info] Scanned user extensions: 30
[2019-06-28 16:16:11.243] [sharedprocess] [info] Scanned user extensions: 30
[2019-06-28 16:21:11.268] [sharedprocess] [info] Scanned user extensions: 30
[2019-06-28 16:26:11.292] [sharedprocess] [info] Scanned user extensions: 30
[2019-06-28 16:31:11.321] [sharedprocess] [info] Scanned user extensions: 30
[2019-06-28 16:36:11.351] [sharedprocess] [info] Scanned user extensions: 30
[2019-06-28 16:41:11.381] [sharedprocess] [info] Scanned user extensions: 30
[2019-06-28 16:46:11.408] [sharedprocess] [info] Scanned user extensions: 30
[2019-06-28 16:51:11.440] [sharedprocess] [info] Scanned user extensions: 30
[2019-06-28 16:56:11.466] [sharedprocess] [info] Scanned user extensions: 30
[2019-06-28 17:01:11.499] [sharedprocess] [info] Scanned user extensions: 30
[2019-06-28 17:06:11.529] [sharedprocess] [info] Scanned user extensions: 30
[2019-06-28 17:11:11.554] [sharedprocess] [info] Scanned user extensions: 30
[2019-06-28 17:16:11.925] [sharedprocess] [info] Scanned user extensions: 30
[2019-06-28 17:21:11.960] [sharedprocess] [info] Scanned user extensions: 30
[2019-06-28 17:26:11.995] [sharedprocess] [info] Scanned user extensions: 30
[2019-06-28 17:31:12.026] [sharedprocess] [info] Scanned user extensions: 30
[2019-06-28 17:36:12.058] [sharedprocess] [info] Scanned user extensions: 30
[2019-06-28 17:41:12.088] [sharedprocess] [info] Scanned user extensions: 30
[2019-06-28 17:46:12.114] [sharedprocess] [info] Scanned user extensions: 30
[2019-06-28 17:51:12.144] [sharedprocess] [info] Scanned user extensions: 30
[2019-06-28 17:56:12.173] [sharedprocess] [info] Scanned user extensions: 30
[2019-06-28 18:01:12.202] [sharedprocess] [info] Scanned user extensions: 30
[2019-06-28 18:06:12.231] [sharedprocess] [info] Scanned user extensions: 30
[2019-06-28 18:11:12.261] [sharedprocess] [info] Scanned user extensions: 30
[2019-06-28 18:16:12.868] [sharedprocess] [info] Scanned user extensions: 30
[2019-06-28 18:21:12.895] [sharedprocess] [info] Scanned user extensions: 30
[2019-06-28 18:26:12.925] [sharedprocess] [info] Scanned user extensions: 30
[2019-06-28 18:31:12.958] [sharedprocess] [info] Scanned user extensions: 30
[2019-06-28 18:36:12.983] [sharedprocess] [info] Scanned user extensions: 30
[2019-06-28 18:41:13.015] [sharedprocess] [info] Scanned user extensions: 30
[2019-06-28 18:46:13.075] [sharedprocess] [info] Scanned user extensions: 30
[2019-06-28 18:51:13.111] [sharedprocess] [info] Scanned user extensions: 30
[2019-06-28 18:56:13.146] [sharedprocess] [info] Scanned user extensions: 30
[2019-06-28 19:01:13.177] [sharedprocess] [info] Scanned user extensions: 30
[2019-06-28 19:06:13.208] [sharedprocess] [info] Scanned user extensions: 30
[2019-06-28 19:11:13.243] [sharedprocess] [info] Scanned user extensions: 30
[2019-06-28 19:16:13.355] [sharedprocess] [info] Scanned user extensions: 30
[2019-06-28 19:21:13.385] [sharedprocess] [info] Scanned user extensions: 30
[2019-06-28 19:26:13.416] [sharedprocess] [info] Scanned user extensions: 30
[2019-06-28 19:31:13.446] [sharedprocess] [info] Scanned user extensions: 30
[2019-06-28 19:36:13.484] [sharedprocess] [info] Scanned user extensions: 30
[2019-06-28 19:41:13.525] [sharedprocess] [info] Scanned user extensions: 30
[2019-06-28 19:46:13.552] [sharedprocess] [info] Scanned user extensions: 30
[2019-06-28 19:51:13.583] [sharedprocess] [info] Scanned user extensions: 30
[2019-06-28 19:56:13.611] [sharedprocess] [info] Scanned user extensions: 30
[2019-06-28 20:01:13.642] [sharedprocess] [info] Scanned user extensions: 30
[2019-06-28 20:06:13.669] [sharedprocess] [info] Scanned user extensions: 30
[2019-06-28 20:11:13.709] [sharedprocess] [info] Scanned user extensions: 30
[2019-06-28 20:16:13.840] [sharedprocess] [info] Scanned user extensions: 30
[2019-06-28 20:21:13.875] [sharedprocess] [info] Scanned user extensions: 30
[2019-06-28 20:26:13.906] [sharedprocess] [info] Scanned user extensions: 30
[2019-06-28 20:31:13.939] [sharedprocess] [info] Scanned user extensions: 30
[2019-06-28 20:36:13.973] [sharedprocess] [info] Scanned user extensions: 30
[2019-06-28 20:41:14.006] [sharedprocess] [info] Scanned user extensions: 30
[2019-06-28 20:46:14.045] [sharedprocess] [info] Scanned user extensions: 30
[2019-06-28 20:51:14.076] [sharedprocess] [info] Scanned user extensions: 30
[2019-06-28 20:56:14.103] [sharedprocess] [info] Scanned user extensions: 30
[2019-06-28 21:01:14.139] [sharedprocess] [info] Scanned user extensions: 30
[2019-06-28 21:06:14.173] [sharedprocess] [info] Scanned user extensions: 30
[2019-06-28 21:11:14.266] [sharedprocess] [info] Scanned user extensions: 30
[2019-06-28 21:16:14.643] [sharedprocess] [info] Scanned user extensions: 30
[2019-06-28 21:21:14.672] [sharedprocess] [info] Scanned user extensions: 30
[2019-06-28 21:26:14.715] [sharedprocess] [info] Scanned user extensions: 30
[2019-06-28 21:31:14.748] [sharedprocess] [info] Scanned user extensions: 30
[2019-06-28 21:36:14.789] [sharedprocess] [info] Scanned user extensions: 30
[2019-06-28 21:41:14.833] [sharedprocess] [info] Scanned user extensions: 30
[2019-06-28 21:46:14.867] [sharedprocess] [info] Scanned user extensions: 30
[2019-06-28 21:51:14.908] [sharedprocess] [info] Scanned user extensions: 30
[2019-06-28 21:56:14.944] [sharedprocess] [info] Scanned user extensions: 30
[2019-06-28 22:01:14.978] [sharedprocess] [info] Scanned user extensions: 30
[2019-06-28 22:06:15.012] [sharedprocess] [info] Scanned user extensions: 30
[2019-06-28 22:11:15.046] [sharedprocess] [info] Scanned user extensions: 30
[2019-06-28 22:16:15.553] [sharedprocess] [info] Scanned user extensions: 30
[2019-06-28 22:21:15.593] [sharedprocess] [info] Scanned user extensions: 30
[2019-06-28 22:26:15.634] [sharedprocess] [info] Scanned user extensions: 30
[2019-06-28 22:31:15.672] [sharedprocess] [info] Scanned user extensions: 30
[2019-06-28 22:36:15.707] [sharedprocess] [info] Scanned user extensions: 30
[2019-06-28 22:41:15.735] [sharedprocess] [info] Scanned user extensions: 30
[2019-06-28 22:46:15.770] [sharedprocess] [info] Scanned user extensions: 30
[2019-06-28 22:51:15.803] [sharedprocess] [info] Scanned user extensions: 30
[2019-06-28 22:56:15.837] [sharedprocess] [info] Scanned user extensions: 30
[2019-06-28 23:01:15.878] [sharedprocess] [info] Scanned user extensions: 30
[2019-06-28 23:06:15.912] [sharedprocess] [info] Scanned user extensions: 30
[2019-06-28 23:11:15.961] [sharedprocess] [info] Scanned user extensions: 30
[2019-06-28 23:16:16.269] [sharedprocess] [info] Scanned user extensions: 30
[2019-06-28 23:21:16.319] [sharedprocess] [info] Scanned user extensions: 30
[2019-06-28 23:26:16.350] [sharedprocess] [info] Scanned user extensions: 30
[2019-06-28 23:31:16.383] [sharedprocess] [info] Scanned user extensions: 30
[2019-06-28 23:36:16.415] [sharedprocess] [info] Scanned user extensions: 30
[2019-06-28 23:41:16.457] [sharedprocess] [info] Scanned user extensions: 30
[2019-06-28 23:46:16.491] [sharedprocess] [info] Scanned user extensions: 30
[2019-06-28 23:51:16.520] [sharedprocess] [info] Scanned user extensions: 30
[2019-06-28 23:56:16.547] [sharedprocess] [info] Scanned user extensions: 30
[2019-06-29 00:01:16.589] [sharedprocess] [info] Scanned user extensions: 30
[2019-06-29 00:06:16.621] [sharedprocess] [info] Scanned user extensions: 30
[2019-06-29 00:11:16.658] [sharedprocess] [info] Scanned user extensions: 30
[2019-06-29 00:16:16.776] [sharedprocess] [info] Scanned user extensions: 30
[2019-06-29 00:21:16.801] [sharedprocess] [info] Scanned user extensions: 30
[2019-06-29 00:26:16.831] [sharedprocess] [info] Scanned user extensions: 30
[2019-06-29 00:31:16.858] [sharedprocess] [info] Scanned user extensions: 30
[2019-06-29 00:36:16.884] [sharedprocess] [info] Scanned user extensions: 30
[2019-06-29 00:41:16.908] [sharedprocess] [info] Scanned user extensions: 30
[2019-06-29 00:46:16.940] [sharedprocess] [info] Scanned user extensions: 30
[2019-06-29 00:51:16.978] [sharedprocess] [info] Scanned user extensions: 30
[2019-06-29 00:56:17.006] [sharedprocess] [info] Scanned user extensions: 30
[2019-06-29 01:01:17.036] [sharedprocess] [info] Scanned user extensions: 30
[2019-06-29 01:06:17.062] [sharedprocess] [info] Scanned user extensions: 30
[2019-06-29 01:11:17.093] [sharedprocess] [info] Scanned user extensions: 30
[2019-06-29 01:16:17.446] [sharedprocess] [info] Scanned user extensions: 30
[2019-06-29 01:21:17.474] [sharedprocess] [info] Scanned user extensions: 30
[2019-06-29 01:26:17.501] [sharedprocess] [info] Scanned user extensions: 30
[2019-06-29 01:31:17.533] [sharedprocess] [info] Scanned user extensions: 30
[2019-06-29 01:36:17.556] [sharedprocess] [info] Scanned user extensions: 30
[2019-06-29 01:41:17.581] [sharedprocess] [info] Scanned user extensions: 30
[2019-06-29 01:46:17.613] [sharedprocess] [info] Scanned user extensions: 30
[2019-06-29 01:51:17.640] [sharedprocess] [info] Scanned user extensions: 30
[2019-06-29 01:56:17.668] [sharedprocess] [info] Scanned user extensions: 30
[2019-06-29 02:01:17.695] [sharedprocess] [info] Scanned user extensions: 30
[2019-06-29 02:06:17.725] [sharedprocess] [info] Scanned user extensions: 30
[2019-06-29 02:11:17.760] [sharedprocess] [info] Scanned user extensions: 30
[2019-06-29 02:16:17.874] [sharedprocess] [info] Scanned user extensions: 30
[2019-06-29 02:21:17.904] [sharedprocess] [info] Scanned user extensions: 30
[2019-06-29 02:26:17.951] [sharedprocess] [info] Scanned user extensions: 30
[2019-06-29 02:31:17.986] [sharedprocess] [info] Scanned user extensions: 30
[2019-06-29 02:36:18.019] [sharedprocess] [info] Scanned user extensions: 30
[2019-06-29 02:41:18.048] [sharedprocess] [info] Scanned user extensions: 30
[2019-06-29 02:46:18.085] [sharedprocess] [info] Scanned user extensions: 30
[2019-06-29 02:51:18.116] [sharedprocess] [info] Scanned user extensions: 30
[2019-06-29 02:56:18.153] [sharedprocess] [info] Scanned user extensions: 30
[2019-06-29 03:01:18.187] [sharedprocess] [info] Scanned user extensions: 30
[2019-06-29 03:06:18.217] [sharedprocess] [info] Scanned user extensions: 30
[2019-06-29 03:11:18.247] [sharedprocess] [info] Scanned user extensions: 30
[2019-06-29 03:16:18.387] [sharedprocess] [info] Scanned user extensions: 30
[2019-06-29 03:21:18.417] [sharedprocess] [info] Scanned user extensions: 30
[2019-06-29 03:26:18.456] [sharedprocess] [info] Scanned user extensions: 30
[2019-06-29 03:31:18.488] [sharedprocess] [info] Scanned user extensions: 30
[2019-06-29 03:36:18.523] [sharedprocess] [info] Scanned user extensions: 30
[2019-06-29 03:41:18.561] [sharedprocess] [info] Scanned user extensions: 30
[2019-06-29 03:46:18.596] [sharedprocess] [info] Scanned user extensions: 30
[2019-06-29 03:51:18.629] [sharedprocess] [info] Scanned user extensions: 30
[2019-06-29 03:56:18.656] [sharedprocess] [info] Scanned user extensions: 30
[2019-06-29 04:01:18.681] [sharedprocess] [info] Scanned user extensions: 30
[2019-06-29 04:06:18.720] [sharedprocess] [info] Scanned user extensions: 30
[2019-06-29 04:11:18.749] [sharedprocess] [info] Scanned user extensions: 30
[2019-06-29 04:16:18.877] [sharedprocess] [info] Scanned user extensions: 30
[2019-06-29 04:21:18.906] [sharedprocess] [info] Scanned user extensions: 30
[2019-06-29 04:26:18.935] [sharedprocess] [info] Scanned user extensions: 30
[2019-06-29 04:31:18.965] [sharedprocess] [info] Scanned user extensions: 30
[2019-06-29 04:36:19.015] [sharedprocess] [info] Scanned user extensions: 30
[2019-06-29 04:41:19.052] [sharedprocess] [info] Scanned user extensions: 30
[2019-06-29 04:46:19.094] [sharedprocess] [info] Scanned user extensions: 30
[2019-06-29 04:51:19.118] [sharedprocess] [info] Scanned user extensions: 30
[2019-06-29 04:56:19.147] [sharedprocess] [info] Scanned user extensions: 30
[2019-06-29 05:01:19.172] [sharedprocess] [info] Scanned user extensions: 30
[2019-06-29 05:06:19.207] [sharedprocess] [info] Scanned user extensions: 30
[2019-06-29 05:11:19.244] [sharedprocess] [info] Scanned user extensions: 30
[2019-06-29 05:16:19.576] [sharedprocess] [info] Scanned user extensions: 30
[2019-06-29 05:21:19.616] [sharedprocess] [info] Scanned user extensions: 30
[2019-06-29 05:26:19.646] [sharedprocess] [info] Scanned user extensions: 30
[2019-06-29 05:31:19.675] [sharedprocess] [info] Scanned user extensions: 30
[2019-06-29 05:36:19.704] [sharedprocess] [info] Scanned user extensions: 30
[2019-06-29 05:41:19.735] [sharedprocess] [info] Scanned user extensions: 30
[2019-06-29 05:46:19.766] [sharedprocess] [info] Scanned user extensions: 30
[2019-06-29 05:51:19.803] [sharedprocess] [info] Scanned user extensions: 30
[2019-06-29 05:56:19.830] [sharedprocess] [info] Scanned user extensions: 30
[2019-06-29 06:01:19.868] [sharedprocess] [info] Scanned user extensions: 30
[2019-06-29 06:06:19.901] [sharedprocess] [info] Scanned user extensions: 30
[2019-06-29 06:11:19.927] [sharedprocess] [info] Scanned user extensions: 30
[2019-06-29 06:16:20.061] [sharedprocess] [info] Scanned user extensions: 30
[2019-06-29 06:21:20.088] [sharedprocess] [info] Scanned user extensions: 30
[2019-06-29 06:26:20.118] [sharedprocess] [info] Scanned user extensions: 30
[2019-06-29 06:31:20.146] [sharedprocess] [info] Scanned user extensions: 30
[2019-06-29 06:36:20.176] [sharedprocess] [info] Scanned user extensions: 30
[2019-06-29 06:41:20.209] [sharedprocess] [info] Scanned user extensions: 30
[2019-06-29 06:46:20.239] [sharedprocess] [info] Scanned user extensions: 30
[2019-06-29 06:51:00.971] [sharedprocess] [info] Installing extension: pivotal.vscode-concourse
[2019-06-29 06:51:00.972] [sharedprocess] [info] Installing extension: pivotal.vscode-manifest-yaml
[2019-06-29 06:51:00.972] [sharedprocess] [info] Installing extension: pivotal.vscode-spring-boot
[2019-06-29 06:51:01.019] [sharedprocess] [info] Scanned user extensions: 30
[2019-06-29 06:51:01.021] [sharedprocess] [info] Scanned user extensions: 30
[2019-06-29 06:51:01.030] [sharedprocess] [info] Scanned user extensions: 30
[2019-06-29 06:51:20.301] [sharedprocess] [info] Scanned user extensions: 30
[2019-06-29 06:51:55.878] [sharedprocess] [info] Downloaded extension: pivotal.vscode-concourse /tmp/70f88017-0e49-44c9-a7b6-dd62c1fa3fb3
[2019-06-29 06:51:57.129] [sharedprocess] [info] Extracted extension to /home/thubelihle/.vscode/extensions/.pivotal.vscode-concourse-1.8.1: pivotal.vscode-concourse
[2019-06-29 06:51:57.129] [sharedprocess] [info] Renamed to /home/thubelihle/.vscode/extensions/pivotal.vscode-concourse-1.8.1
[2019-06-29 06:51:57.130] [sharedprocess] [info] Installation completed. pivotal.vscode-concourse
[2019-06-29 06:51:57.149] [sharedprocess] [info] Extensions installed successfully: pivotal.vscode-concourse
[2019-06-29 06:52:16.981] [sharedprocess] [info] Downloaded extension: pivotal.vscode-manifest-yaml /tmp/d1f00ad0-4ece-4dc0-90fc-d98ec3483c98
[2019-06-29 06:52:18.189] [sharedprocess] [info] Extracted extension to /home/thubelihle/.vscode/extensions/.pivotal.vscode-manifest-yaml-1.8.1: pivotal.vscode-manifest-yaml
[2019-06-29 06:52:18.189] [sharedprocess] [info] Renamed to /home/thubelihle/.vscode/extensions/pivotal.vscode-manifest-yaml-1.8.1
[2019-06-29 06:52:18.191] [sharedprocess] [info] Installation completed. pivotal.vscode-manifest-yaml
[2019-06-29 06:52:18.213] [sharedprocess] [info] Extensions installed successfully: pivotal.vscode-manifest-yaml
[2019-06-29 06:52:26.149] [sharedprocess] [info] Downloaded extension: pivotal.vscode-spring-boot /tmp/9414ba2e-968d-400c-864a-837439c0a5af
[2019-06-29 06:52:27.763] [sharedprocess] [info] Extracted extension to /home/thubelihle/.vscode/extensions/.pivotal.vscode-spring-boot-1.8.1: pivotal.vscode-spring-boot
[2019-06-29 06:52:27.763] [sharedprocess] [info] Renamed to /home/thubelihle/.vscode/extensions/pivotal.vscode-spring-boot-1.8.1
[2019-06-29 06:52:27.764] [sharedprocess] [info] Installation completed. pivotal.vscode-spring-boot
[2019-06-29 06:52:27.817] [sharedprocess] [info] Scanned user extensions: 30
[2019-06-29 06:52:27.833] [sharedprocess] [info] Scanned system extensions: 72
[2019-06-29 06:52:27.836] [sharedprocess] [info] Extensions installed successfully: pivotal.vscode-spring-boot
[2019-06-29 06:56:20.354] [sharedprocess] [info] Scanned user extensions: 30
[2019-06-29 07:01:20.391] [sharedprocess] [info] Scanned user extensions: 30
[2019-06-29 07:06:20.423] [sharedprocess] [info] Scanned user extensions: 30
[2019-06-29 07:11:20.471] [sharedprocess] [info] Scanned user extensions: 30
[2019-06-29 07:16:20.594] [sharedprocess] [info] Scanned user extensions: 30
[2019-06-29 07:21:20.630] [sharedprocess] [info] Scanned user extensions: 30
[2019-06-29 07:26:20.667] [sharedprocess] [info] Scanned user extensions: 30
[2019-06-29 07:31:20.705] [sharedprocess] [info] Scanned user extensions: 30
[2019-06-29 07:36:20.741] [sharedprocess] [info] Scanned user extensions: 30
[2019-06-29 07:41:20.774] [sharedprocess] [info] Scanned user extensions: 30
[2019-06-29 07:46:20.805] [sharedprocess] [info] Scanned user extensions: 30
[2019-06-29 07:51:20.836] [sharedprocess] [info] Scanned user extensions: 30
[2019-06-29 07:56:20.876] [sharedprocess] [info] Scanned user extensions: 30
[2019-06-29 08:01:20.910] [sharedprocess] [info] Scanned user extensions: 30
[2019-06-29 08:06:20.936] [sharedprocess] [info] Scanned user extensions: 30
[2019-06-29 08:11:20.969] [sharedprocess] [info] Scanned user extensions: 30
[2019-06-29 08:16:21.094] [sharedprocess] [info] Scanned user extensions: 30
[2019-06-29 08:21:21.124] [sharedprocess] [info] Scanned user extensions: 30
[2019-06-29 08:26:21.163] [sharedprocess] [info] Scanned user extensions: 30
[2019-06-29 08:31:21.224] [sharedprocess] [info] Scanned user extensions: 30
[2019-06-29 08:36:21.270] [sharedprocess] [info] Scanned user extensions: 30
[2019-06-29 08:41:21.327] [sharedprocess] [info] Scanned user extensions: 30
[2019-06-29 08:46:21.389] [sharedprocess] [info] Scanned user extensions: 30
[2019-06-29 08:51:21.434] [sharedprocess] [info] Scanned user extensions: 30
[2019-06-29 08:56:21.466] [sharedprocess] [info] Scanned user extensions: 30
[2019-06-29 09:01:21.500] [sharedprocess] [info] Scanned user extensions: 30
[2019-06-29 09:06:21.549] [sharedprocess] [info] Scanned user extensions: 30
[2019-06-29 09:11:21.583] [sharedprocess] [info] Scanned user extensions: 30
[2019-06-29 09:16:21.891] [sharedprocess] [info] Scanned user extensions: 30
[2019-06-29 09:21:21.929] [sharedprocess] [info] Scanned user extensions: 30
[2019-06-29 09:26:22.013] [sharedprocess] [info] Scanned user extensions: 30
[2019-06-29 09:31:22.072] [sharedprocess] [info] Scanned user extensions: 30
[2019-06-29 09:36:22.114] [sharedprocess] [info] Scanned user extensions: 30
[2019-06-29 09:41:22.150] [sharedprocess] [info] Scanned user extensions: 30
[2019-06-29 09:46:22.189] [sharedprocess] [info] Scanned user extensions: 30
[2019-06-29 09:51:22.237] [sharedprocess] [info] Scanned user extensions: 30
[2019-06-29 09:56:22.288] [sharedprocess] [info] Scanned user extensions: 30
[2019-06-29 10:01:22.329] [sharedprocess] [info] Scanned user extensions: 30
[2019-06-29 10:06:22.370] [sharedprocess] [info] Scanned user extensions: 30
[2019-06-29 10:11:22.406] [sharedprocess] [info] Scanned user extensions: 30
[2019-06-29 10:16:22.947] [sharedprocess] [info] Scanned user extensions: 30
[2019-06-29 10:21:23.067] [sharedprocess] [info] Scanned user extensions: 30
